mode: set
github.com/ahmadrezamusthafa/deep-validator/enums/value-types/valuetype.go:11.41,13.2 1 0
github.com/ahmadrezamusthafa/deep-validator/enums/value-types/valuetype.go:15.38,17.2 1 0
github.com/ahmadrezamusthafa/deep-validator/common/utils/converter.go:9.38,10.15 1 0
github.com/ahmadrezamusthafa/deep-validator/common/utils/converter.go:11.19,12.14 1 0
github.com/ahmadrezamusthafa/deep-validator/common/utils/converter.go:13.10,14.15 1 0
github.com/ahmadrezamusthafa/deep-validator/common/utils/converter.go:18.44,21.16 3 0
github.com/ahmadrezamusthafa/deep-validator/common/utils/converter.go:21.16,23.3 1 0
github.com/ahmadrezamusthafa/deep-validator/common/utils/converter.go:24.2,24.19 1 0
github.com/ahmadrezamusthafa/deep-validator/common/utils/converter.go:27.43,30.16 3 0
github.com/ahmadrezamusthafa/deep-validator/common/utils/converter.go:30.16,32.3 1 0
github.com/ahmadrezamusthafa/deep-validator/common/utils/converter.go:33.2,33.18 1 0
github.com/ahmadrezamusthafa/deep-validator/common/utils/converter.go:36.51,37.35 1 0
github.com/ahmadrezamusthafa/deep-validator/common/utils/converter.go:37.35,39.3 1 0
github.com/ahmadrezamusthafa/deep-validator/common/utils/converter.go:40.2,41.19 2 0
github.com/ahmadrezamusthafa/deep-validator/common/utils/converter.go:44.47,45.33 1 0
github.com/ahmadrezamusthafa/deep-validator/common/utils/converter.go:45.33,47.3 1 0
github.com/ahmadrezamusthafa/deep-validator/common/utils/converter.go:48.2,48.10 1 0
github.com/ahmadrezamusthafa/deep-validator/common/utils/converter.go:51.48,52.34 1 0
github.com/ahmadrezamusthafa/deep-validator/common/utils/converter.go:52.34,54.3 1 0
github.com/ahmadrezamusthafa/deep-validator/common/utils/converter.go:55.2,56.19 2 0
github.com/ahmadrezamusthafa/deep-validator/common/utils/converter.go:59.44,60.32 1 0
github.com/ahmadrezamusthafa/deep-validator/common/utils/converter.go:60.32,62.3 1 0
github.com/ahmadrezamusthafa/deep-validator/common/utils/converter.go:63.2,63.10 1 0
github.com/ahmadrezamusthafa/deep-validator/common/utils/converter.go:66.55,67.37 1 0
github.com/ahmadrezamusthafa/deep-validator/common/utils/converter.go:67.37,69.3 1 0
github.com/ahmadrezamusthafa/deep-validator/common/utils/converter.go:70.2,71.21 2 0
github.com/ahmadrezamusthafa/deep-validator/common/utils/converter.go:74.55,75.37 1 0
github.com/ahmadrezamusthafa/deep-validator/common/utils/converter.go:75.37,77.3 1 0
github.com/ahmadrezamusthafa/deep-validator/common/utils/converter.go:78.2,78.10 1 0
github.com/ahmadrezamusthafa/deep-validator/common/utils/converter.go:81.52,82.36 1 0
github.com/ahmadrezamusthafa/deep-validator/common/utils/converter.go:82.36,84.3 1 0
github.com/ahmadrezamusthafa/deep-validator/common/utils/converter.go:85.2,86.21 2 0
github.com/ahmadrezamusthafa/deep-validator/common/utils/converter.go:89.52,90.36 1 0
github.com/ahmadrezamusthafa/deep-validator/common/utils/converter.go:90.36,92.3 1 0
github.com/ahmadrezamusthafa/deep-validator/common/utils/converter.go:93.2,93.10 1 0
github.com/ahmadrezamusthafa/deep-validator/processor.go:11.32,13.2 1 0
github.com/ahmadrezamusthafa/deep-validator/processor.go:26.68,29.2 2 1
github.com/ahmadrezamusthafa/deep-validator/processor.go:31.97,34.2 2 1
github.com/ahmadrezamusthafa/deep-validator/processor.go:36.107,39.2 2 1
github.com/ahmadrezamusthafa/deep-validator/processor.go:41.122,44.2 2 1
github.com/ahmadrezamusthafa/deep-validator/processor.go:46.106,49.2 2 1
github.com/ahmadrezamusthafa/deep-validator/common/utils/converter.go:9.38,10.15 1 0
github.com/ahmadrezamusthafa/deep-validator/common/utils/converter.go:11.19,12.14 1 0
github.com/ahmadrezamusthafa/deep-validator/common/utils/converter.go:13.10,14.15 1 0
github.com/ahmadrezamusthafa/deep-validator/common/utils/converter.go:18.44,21.16 3 1
github.com/ahmadrezamusthafa/deep-validator/common/utils/converter.go:21.16,23.3 1 0
github.com/ahmadrezamusthafa/deep-validator/common/utils/converter.go:24.2,24.19 1 1
github.com/ahmadrezamusthafa/deep-validator/common/utils/converter.go:27.43,30.16 3 1
github.com/ahmadrezamusthafa/deep-validator/common/utils/converter.go:30.16,32.3 1 0
github.com/ahmadrezamusthafa/deep-validator/common/utils/converter.go:33.2,33.18 1 1
github.com/ahmadrezamusthafa/deep-validator/common/utils/converter.go:36.51,37.35 1 1
github.com/ahmadrezamusthafa/deep-validator/common/utils/converter.go:37.35,39.3 1 1
github.com/ahmadrezamusthafa/deep-validator/common/utils/converter.go:40.2,41.19 2 1
github.com/ahmadrezamusthafa/deep-validator/common/utils/converter.go:44.47,45.33 1 1
github.com/ahmadrezamusthafa/deep-validator/common/utils/converter.go:45.33,47.3 1 1
github.com/ahmadrezamusthafa/deep-validator/common/utils/converter.go:48.2,48.10 1 0
github.com/ahmadrezamusthafa/deep-validator/common/utils/converter.go:51.48,52.34 1 1
github.com/ahmadrezamusthafa/deep-validator/common/utils/converter.go:52.34,54.3 1 0
github.com/ahmadrezamusthafa/deep-validator/common/utils/converter.go:55.2,56.19 2 1
github.com/ahmadrezamusthafa/deep-validator/common/utils/converter.go:59.44,60.32 1 1
github.com/ahmadrezamusthafa/deep-validator/common/utils/converter.go:60.32,62.3 1 1
github.com/ahmadrezamusthafa/deep-validator/common/utils/converter.go:63.2,63.10 1 0
github.com/ahmadrezamusthafa/deep-validator/common/utils/converter.go:66.55,67.37 1 1
github.com/ahmadrezamusthafa/deep-validator/common/utils/converter.go:67.37,69.3 1 1
github.com/ahmadrezamusthafa/deep-validator/common/utils/converter.go:70.2,71.21 2 1
github.com/ahmadrezamusthafa/deep-validator/common/utils/converter.go:74.55,75.37 1 1
github.com/ahmadrezamusthafa/deep-validator/common/utils/converter.go:75.37,77.3 1 1
github.com/ahmadrezamusthafa/deep-validator/common/utils/converter.go:78.2,78.10 1 0
github.com/ahmadrezamusthafa/deep-validator/common/utils/converter.go:81.52,82.36 1 0
github.com/ahmadrezamusthafa/deep-validator/common/utils/converter.go:82.36,84.3 1 0
github.com/ahmadrezamusthafa/deep-validator/common/utils/converter.go:85.2,86.21 2 0
github.com/ahmadrezamusthafa/deep-validator/common/utils/converter.go:89.52,90.36 1 0
github.com/ahmadrezamusthafa/deep-validator/common/utils/converter.go:90.36,92.3 1 0
github.com/ahmadrezamusthafa/deep-validator/common/utils/converter.go:93.2,93.10 1 0
github.com/ahmadrezamusthafa/deep-validator/enums/value-types/valuetype.go:11.41,13.2 1 0
github.com/ahmadrezamusthafa/deep-validator/enums/value-types/valuetype.go:15.38,17.2 1 0
github.com/ahmadrezamusthafa/deep-validator/validator/condition_validator.go:18.94,26.2 6 1
github.com/ahmadrezamusthafa/deep-validator/validator/condition_validator.go:28.79,29.35 1 1
github.com/ahmadrezamusthafa/deep-validator/validator/condition_validator.go:29.35,30.50 1 1
github.com/ahmadrezamusthafa/deep-validator/validator/condition_validator.go:30.50,32.4 1 1
github.com/ahmadrezamusthafa/deep-validator/validator/condition_validator.go:33.8,34.33 1 1
github.com/ahmadrezamusthafa/deep-validator/validator/condition_validator.go:34.33,35.55 1 1
github.com/ahmadrezamusthafa/deep-validator/validator/condition_validator.go:35.55,37.5 1 1
github.com/ahmadrezamusthafa/deep-validator/validator/condition_validator.go:42.108,43.27 1 1
github.com/ahmadrezamusthafa/deep-validator/validator/condition_validator.go:43.27,44.45 1 1
github.com/ahmadrezamusthafa/deep-validator/validator/condition_validator.go:44.45,47.18 3 1
github.com/ahmadrezamusthafa/deep-validator/validator/condition_validator.go:47.18,49.5 1 0
github.com/ahmadrezamusthafa/deep-validator/validator/condition_validator.go:50.4,50.14 1 1
github.com/ahmadrezamusthafa/deep-validator/validator/condition_validator.go:50.14,52.5 1 1
github.com/ahmadrezamusthafa/deep-validator/validator/condition_validator.go:52.10,53.68 1 1
github.com/ahmadrezamusthafa/deep-validator/validator/condition_validator.go:53.68,55.6 1 1
github.com/ahmadrezamusthafa/deep-validator/validator/condition_validator.go:55.11,57.6 1 1
github.com/ahmadrezamusthafa/deep-validator/validator/condition_validator.go:60.8,62.3 1 1
github.com/ahmadrezamusthafa/deep-validator/validator/condition_validator.go:63.2,63.8 1 1
github.com/ahmadrezamusthafa/deep-validator/validator/condition_validator.go:66.122,68.35 2 1
github.com/ahmadrezamusthafa/deep-validator/validator/condition_validator.go:68.35,69.53 1 1
github.com/ahmadrezamusthafa/deep-validator/validator/condition_validator.go:69.53,71.18 2 1
github.com/ahmadrezamusthafa/deep-validator/validator/condition_validator.go:71.18,73.5 1 0
github.com/ahmadrezamusthafa/deep-validator/validator/condition_validator.go:74.4,74.14 1 1
github.com/ahmadrezamusthafa/deep-validator/validator/condition_validator.go:74.14,75.13 1 1
github.com/ahmadrezamusthafa/deep-validator/validator/condition_validator.go:77.4,77.14 1 1
github.com/ahmadrezamusthafa/deep-validator/validator/condition_validator.go:77.14,79.5 1 1
github.com/ahmadrezamusthafa/deep-validator/validator/condition_validator.go:79.10,80.68 1 1
github.com/ahmadrezamusthafa/deep-validator/validator/condition_validator.go:80.68,82.6 1 1
github.com/ahmadrezamusthafa/deep-validator/validator/condition_validator.go:82.11,84.6 1 1
github.com/ahmadrezamusthafa/deep-validator/validator/condition_validator.go:87.8,88.55 1 1
github.com/ahmadrezamusthafa/deep-validator/validator/condition_validator.go:88.55,90.4 1 0
github.com/ahmadrezamusthafa/deep-validator/validator/condition_validator.go:91.3,91.51 1 1
github.com/ahmadrezamusthafa/deep-validator/validator/condition_validator.go:91.51,93.20 2 1
github.com/ahmadrezamusthafa/deep-validator/validator/condition_validator.go:94.33,95.78 1 1
github.com/ahmadrezamusthafa/deep-validator/validator/condition_validator.go:96.12,101.22 4 1
github.com/ahmadrezamusthafa/deep-validator/validator/condition_validator.go:102.26,103.98 1 1
github.com/ahmadrezamusthafa/deep-validator/validator/condition_validator.go:104.13,105.107 1 1
github.com/ahmadrezamusthafa/deep-validator/validator/condition_validator.go:108.9,110.4 1 1
github.com/ahmadrezamusthafa/deep-validator/validator/condition_validator.go:112.2,112.8 1 1
github.com/ahmadrezamusthafa/deep-validator/validator/condition_validator.go:115.117,116.44 1 1
github.com/ahmadrezamusthafa/deep-validator/validator/condition_validator.go:116.44,117.43 1 1
github.com/ahmadrezamusthafa/deep-validator/validator/condition_validator.go:117.43,126.4 1 1
github.com/ahmadrezamusthafa/deep-validator/validator/condition_validator.go:130.54,132.29 2 1
github.com/ahmadrezamusthafa/deep-validator/validator/condition_validator.go:132.29,133.18 1 1
github.com/ahmadrezamusthafa/deep-validator/validator/condition_validator.go:133.18,134.12 1 0
github.com/ahmadrezamusthafa/deep-validator/validator/condition_validator.go:136.3,136.33 1 1
github.com/ahmadrezamusthafa/deep-validator/validator/condition_validator.go:136.33,137.56 1 1
github.com/ahmadrezamusthafa/deep-validator/validator/condition_validator.go:137.56,139.5 1 1
github.com/ahmadrezamusthafa/deep-validator/validator/condition_validator.go:140.9,140.25 1 1
github.com/ahmadrezamusthafa/deep-validator/validator/condition_validator.go:140.25,141.53 1 1
github.com/ahmadrezamusthafa/deep-validator/validator/condition_validator.go:141.53,144.5 2 1
github.com/ahmadrezamusthafa/deep-validator/validator/condition_validator.go:145.4,145.20 1 1
github.com/ahmadrezamusthafa/deep-validator/validator/condition_validator.go:145.20,147.10 2 0
github.com/ahmadrezamusthafa/deep-validator/validator/condition_validator.go:149.9,151.9 2 1
github.com/ahmadrezamusthafa/deep-validator/validator/condition_validator.go:153.3,153.13 1 1
github.com/ahmadrezamusthafa/deep-validator/validator/condition_validator.go:155.2,155.40 1 1
github.com/ahmadrezamusthafa/deep-validator/validator/condition_validator.go:155.40,156.79 1 1
github.com/ahmadrezamusthafa/deep-validator/validator/condition_validator.go:156.79,158.4 1 1
github.com/ahmadrezamusthafa/deep-validator/validator/condition_validator.go:160.2,160.16 1 1
github.com/ahmadrezamusthafa/deep-validator/validator/object_validator.go:18.74,19.17 1 1
github.com/ahmadrezamusthafa/deep-validator/validator/object_validator.go:19.17,21.3 1 1
github.com/ahmadrezamusthafa/deep-validator/validator/object_validator.go:22.2,23.22 2 1
github.com/ahmadrezamusthafa/deep-validator/validator/object_validator.go:24.35,26.22 2 1
github.com/ahmadrezamusthafa/deep-validator/validator/object_validator.go:27.10,28.76 1 0
github.com/ahmadrezamusthafa/deep-validator/validator/object_validator.go:32.84,33.17 1 1
github.com/ahmadrezamusthafa/deep-validator/validator/object_validator.go:33.17,35.3 1 0
github.com/ahmadrezamusthafa/deep-validator/validator/object_validator.go:36.2,37.22 2 1
github.com/ahmadrezamusthafa/deep-validator/validator/object_validator.go:38.21,40.17 2 1
github.com/ahmadrezamusthafa/deep-validator/validator/object_validator.go:40.17,42.4 1 1
github.com/ahmadrezamusthafa/deep-validator/validator/object_validator.go:43.3,43.34 1 1
github.com/ahmadrezamusthafa/deep-validator/validator/object_validator.go:44.10,45.75 1 0
github.com/ahmadrezamusthafa/deep-validator/validator/object_validator.go:49.83,50.17 1 1
github.com/ahmadrezamusthafa/deep-validator/validator/object_validator.go:50.17,52.3 1 1
github.com/ahmadrezamusthafa/deep-validator/validator/object_validator.go:53.2,54.22 2 1
github.com/ahmadrezamusthafa/deep-validator/validator/object_validator.go:55.21,58.37 3 1
github.com/ahmadrezamusthafa/deep-validator/validator/object_validator.go:58.37,61.18 3 1
github.com/ahmadrezamusthafa/deep-validator/validator/object_validator.go:61.18,63.5 1 0
github.com/ahmadrezamusthafa/deep-validator/validator/object_validator.go:64.4,64.15 1 1
github.com/ahmadrezamusthafa/deep-validator/validator/object_validator.go:64.15,66.5 1 1
github.com/ahmadrezamusthafa/deep-validator/validator/object_validator.go:68.3,69.9 2 1
github.com/ahmadrezamusthafa/deep-validator/validator/object_validator.go:70.10,71.76 1 1
github.com/ahmadrezamusthafa/deep-validator/validator/object_validator.go:75.81,78.43 3 1
github.com/ahmadrezamusthafa/deep-validator/validator/object_validator.go:78.43,80.3 1 0
github.com/ahmadrezamusthafa/deep-validator/validator/object_validator.go:81.2,81.23 1 1
github.com/ahmadrezamusthafa/deep-validator/validator/object_validator.go:81.23,83.3 1 0
github.com/ahmadrezamusthafa/deep-validator/validator/object_validator.go:85.2,87.23 3 1
github.com/ahmadrezamusthafa/deep-validator/validator/object_validator.go:87.23,89.3 1 1
github.com/ahmadrezamusthafa/deep-validator/validator/object_validator.go:90.2,90.35 1 1
github.com/ahmadrezamusthafa/deep-validator/validator/object_validator.go:91.22,92.28 1 1
github.com/ahmadrezamusthafa/deep-validator/validator/object_validator.go:93.10,95.17 2 1
github.com/ahmadrezamusthafa/deep-validator/validator/object_validator.go:96.10,97.82 1 1
github.com/ahmadrezamusthafa/deep-validator/validator/object_validator.go:98.10,99.51 1 1
github.com/ahmadrezamusthafa/deep-validator/validator/object_validator.go:100.11,103.32 3 1
github.com/ahmadrezamusthafa/deep-validator/validator/object_validator.go:103.32,106.5 2 1
github.com/ahmadrezamusthafa/deep-validator/validator/object_validator.go:107.4,107.39 1 1
github.com/ahmadrezamusthafa/deep-validator/validator/object_validator.go:110.2,110.26 1 1
github.com/ahmadrezamusthafa/deep-validator/validator/object_validator.go:113.111,114.27 1 1
github.com/ahmadrezamusthafa/deep-validator/validator/object_validator.go:114.27,115.45 1 1
github.com/ahmadrezamusthafa/deep-validator/validator/object_validator.go:115.45,118.18 3 1
github.com/ahmadrezamusthafa/deep-validator/validator/object_validator.go:118.18,120.5 1 0
github.com/ahmadrezamusthafa/deep-validator/validator/object_validator.go:121.4,121.14 1 1
github.com/ahmadrezamusthafa/deep-validator/validator/object_validator.go:121.14,122.13 1 0
github.com/ahmadrezamusthafa/deep-validator/validator/object_validator.go:124.4,124.14 1 1
github.com/ahmadrezamusthafa/deep-validator/validator/object_validator.go:124.14,126.5 1 1
github.com/ahmadrezamusthafa/deep-validator/validator/object_validator.go:126.10,127.68 1 1
github.com/ahmadrezamusthafa/deep-validator/validator/object_validator.go:127.68,129.6 1 1
github.com/ahmadrezamusthafa/deep-validator/validator/object_validator.go:129.11,131.6 1 1
github.com/ahmadrezamusthafa/deep-validator/validator/object_validator.go:134.8,135.23 1 1
github.com/ahmadrezamusthafa/deep-validator/validator/object_validator.go:136.20,137.54 1 1
github.com/ahmadrezamusthafa/deep-validator/validator/object_validator.go:137.54,139.5 1 1
github.com/ahmadrezamusthafa/deep-validator/validator/object_validator.go:139.10,141.5 1 0
github.com/ahmadrezamusthafa/deep-validator/validator/object_validator.go:142.11,143.50 1 1
github.com/ahmadrezamusthafa/deep-validator/validator/object_validator.go:146.2,146.8 1 1
github.com/ahmadrezamusthafa/deep-validator/validator/object_validator.go:149.100,151.44 2 1
github.com/ahmadrezamusthafa/deep-validator/validator/object_validator.go:151.44,153.3 1 0
github.com/ahmadrezamusthafa/deep-validator/validator/object_validator.go:154.2,154.41 1 1
github.com/ahmadrezamusthafa/deep-validator/validator/object_validator.go:154.41,159.26 5 1
github.com/ahmadrezamusthafa/deep-validator/validator/object_validator.go:159.26,161.4 1 1
github.com/ahmadrezamusthafa/deep-validator/validator/object_validator.go:162.3,164.30 2 1
github.com/ahmadrezamusthafa/deep-validator/validator/object_validator.go:164.30,170.52 5 1
github.com/ahmadrezamusthafa/deep-validator/validator/object_validator.go:170.52,172.5 1 1
github.com/ahmadrezamusthafa/deep-validator/validator/object_validator.go:174.4,174.24 1 1
github.com/ahmadrezamusthafa/deep-validator/validator/object_validator.go:175.20,177.70 2 1
github.com/ahmadrezamusthafa/deep-validator/validator/object_validator.go:178.22,180.70 2 1
github.com/ahmadrezamusthafa/deep-validator/validator/object_validator.go:181.26,183.68 2 0
github.com/ahmadrezamusthafa/deep-validator/validator/object_validator.go:184.28,186.70 2 1
github.com/ahmadrezamusthafa/deep-validator/validator/object_validator.go:187.19,189.88 2 1
github.com/ahmadrezamusthafa/deep-validator/validator/object_validator.go:190.20,193.11 3 0
github.com/ahmadrezamusthafa/deep-validator/validator/object_validator.go:193.11,195.6 1 0
github.com/ahmadrezamusthafa/deep-validator/validator/object_validator.go:196.5,196.88 1 0
github.com/ahmadrezamusthafa/deep-validator/validator/object_validator.go:197.14,199.59 2 0
github.com/ahmadrezamusthafa/deep-validator/validator/object_validator.go:200.12,202.39 2 1
github.com/ahmadrezamusthafa/deep-validator/validator/object_validator.go:204.4,204.18 1 1
github.com/ahmadrezamusthafa/deep-validator/validator/object_validator.go:204.18,206.5 1 0
github.com/ahmadrezamusthafa/deep-validator/validator/object_validator.go:208.4,208.20 1 1
github.com/ahmadrezamusthafa/deep-validator/validator/object_validator.go:209.33,210.38 1 1
github.com/ahmadrezamusthafa/deep-validator/validator/object_validator.go:211.12,212.27 1 1
github.com/ahmadrezamusthafa/deep-validator/validator/object_validator.go:213.26,214.61 1 1
github.com/ahmadrezamusthafa/deep-validator/validator/object_validator.go:215.13,216.64 1 1
github.com/ahmadrezamusthafa/deep-validator/validator/object_validator.go:221.2,221.8 1 1
github.com/ahmadrezamusthafa/deep-validator/validator/object_validator.go:224.101,226.31 2 1
github.com/ahmadrezamusthafa/deep-validator/validator/object_validator.go:226.31,227.64 1 1
github.com/ahmadrezamusthafa/deep-validator/validator/object_validator.go:227.64,228.12 1 1
github.com/ahmadrezamusthafa/deep-validator/validator/object_validator.go:230.3,232.17 3 1
github.com/ahmadrezamusthafa/deep-validator/validator/object_validator.go:232.17,234.4 1 0
github.com/ahmadrezamusthafa/deep-validator/validator/object_validator.go:235.3,235.15 1 1
github.com/ahmadrezamusthafa/deep-validator/validator/object_validator.go:235.15,236.9 1 1
github.com/ahmadrezamusthafa/deep-validator/validator/object_validator.go:239.2,239.8 1 1
github.com/ahmadrezamusthafa/deep-validator/validator/object_validator.go:242.86,244.9 2 1
github.com/ahmadrezamusthafa/deep-validator/validator/object_validator.go:244.9,246.3 1 0
github.com/ahmadrezamusthafa/deep-validator/validator/object_validator.go:247.2,248.9 2 1
github.com/ahmadrezamusthafa/deep-validator/validator/object_validator.go:248.9,250.3 1 0
github.com/ahmadrezamusthafa/deep-validator/validator/object_validator.go:252.2,252.18 1 1
github.com/ahmadrezamusthafa/deep-validator/validator/object_validator.go:253.37,254.37 1 1
github.com/ahmadrezamusthafa/deep-validator/validator/object_validator.go:255.34,256.38 1 0
github.com/ahmadrezamusthafa/deep-validator/validator/object_validator.go:257.42,258.68 1 1
github.com/ahmadrezamusthafa/deep-validator/validator/object_validator.go:259.10,260.69 1 1
github.com/ahmadrezamusthafa/deep-validator/validator/object_validator.go:264.89,266.9 2 1
github.com/ahmadrezamusthafa/deep-validator/validator/object_validator.go:266.9,268.10 2 1
github.com/ahmadrezamusthafa/deep-validator/validator/object_validator.go:268.10,270.4 1 0
github.com/ahmadrezamusthafa/deep-validator/validator/object_validator.go:271.3,271.33 1 1
github.com/ahmadrezamusthafa/deep-validator/validator/object_validator.go:273.2,274.9 2 1
github.com/ahmadrezamusthafa/deep-validator/validator/object_validator.go:274.9,276.10 2 1
github.com/ahmadrezamusthafa/deep-validator/validator/object_validator.go:276.10,278.4 1 0
github.com/ahmadrezamusthafa/deep-validator/validator/object_validator.go:279.3,279.35 1 1
github.com/ahmadrezamusthafa/deep-validator/validator/object_validator.go:282.2,282.18 1 1
github.com/ahmadrezamusthafa/deep-validator/validator/object_validator.go:283.37,284.34 1 1
github.com/ahmadrezamusthafa/deep-validator/validator/object_validator.go:285.34,286.34 1 1
github.com/ahmadrezamusthafa/deep-validator/validator/object_validator.go:287.42,288.35 1 1
github.com/ahmadrezamusthafa/deep-validator/validator/object_validator.go:289.10,290.35 1 0
github.com/ahmadrezamusthafa/deep-validator/enums/value-types/valuetype.go:11.41,13.2 1 0
github.com/ahmadrezamusthafa/deep-validator/enums/value-types/valuetype.go:15.38,17.2 1 0
github.com/ahmadrezamusthafa/deep-validator/struct-gen/structgen.go:32.80,34.31 2 1
github.com/ahmadrezamusthafa/deep-validator/struct-gen/structgen.go:34.31,36.3 1 0
github.com/ahmadrezamusthafa/deep-validator/struct-gen/structgen.go:37.2,38.23 2 1
github.com/ahmadrezamusthafa/deep-validator/struct-gen/structgen.go:41.108,47.34 2 1
github.com/ahmadrezamusthafa/deep-validator/struct-gen/structgen.go:47.34,50.21 3 1
github.com/ahmadrezamusthafa/deep-validator/struct-gen/structgen.go:50.21,51.12 1 0
github.com/ahmadrezamusthafa/deep-validator/struct-gen/structgen.go:53.3,54.24 2 1
github.com/ahmadrezamusthafa/deep-validator/struct-gen/structgen.go:54.24,55.9 1 1
github.com/ahmadrezamusthafa/deep-validator/struct-gen/structgen.go:57.3,57.24 1 1
github.com/ahmadrezamusthafa/deep-validator/struct-gen/structgen.go:57.24,64.12 5 1
github.com/ahmadrezamusthafa/deep-validator/struct-gen/structgen.go:67.3,67.52 1 1
github.com/ahmadrezamusthafa/deep-validator/struct-gen/structgen.go:67.52,70.4 2 1
github.com/ahmadrezamusthafa/deep-validator/struct-gen/structgen.go:70.9,70.50 1 1
github.com/ahmadrezamusthafa/deep-validator/struct-gen/structgen.go:70.50,71.28 1 1
github.com/ahmadrezamusthafa/deep-validator/struct-gen/structgen.go:71.28,73.5 1 1
github.com/ahmadrezamusthafa/deep-validator/struct-gen/structgen.go:74.9,75.28 1 1
github.com/ahmadrezamusthafa/deep-validator/struct-gen/structgen.go:75.28,84.5 2 1
github.com/ahmadrezamusthafa/deep-validator/struct-gen/structgen.go:84.10,86.29 2 1
github.com/ahmadrezamusthafa/deep-validator/struct-gen/structgen.go:86.29,88.6 1 1
github.com/ahmadrezamusthafa/deep-validator/struct-gen/structgen.go:89.5,89.36 1 1
github.com/ahmadrezamusthafa/deep-validator/struct-gen/structgen.go:89.36,91.6 1 1
github.com/ahmadrezamusthafa/deep-validator/struct-gen/structgen.go:92.5,93.71 2 1
github.com/ahmadrezamusthafa/deep-validator/struct-gen/structgen.go:97.2,97.27 1 1
github.com/ahmadrezamusthafa/deep-validator/struct-gen/structgen.go:100.65,105.29 5 1
github.com/ahmadrezamusthafa/deep-validator/struct-gen/structgen.go:105.29,106.15 1 1
github.com/ahmadrezamusthafa/deep-validator/struct-gen/structgen.go:107.24,108.20 1 1
github.com/ahmadrezamusthafa/deep-validator/struct-gen/structgen.go:108.20,109.13 1 1
github.com/ahmadrezamusthafa/deep-validator/struct-gen/structgen.go:110.10,112.5 1 1
github.com/ahmadrezamusthafa/deep-validator/struct-gen/structgen.go:113.27,114.24 1 1
github.com/ahmadrezamusthafa/deep-validator/struct-gen/structgen.go:114.24,116.24 2 1
github.com/ahmadrezamusthafa/deep-validator/struct-gen/structgen.go:117.37,119.28 2 1
github.com/ahmadrezamusthafa/deep-validator/struct-gen/structgen.go:120.35,122.28 2 1
github.com/ahmadrezamusthafa/deep-validator/struct-gen/structgen.go:123.13,126.28 3 1
github.com/ahmadrezamusthafa/deep-validator/struct-gen/structgen.go:128.10,130.5 1 1
github.com/ahmadrezamusthafa/deep-validator/struct-gen/structgen.go:131.22,132.24 1 1
github.com/ahmadrezamusthafa/deep-validator/struct-gen/structgen.go:132.24,134.24 2 1
github.com/ahmadrezamusthafa/deep-validator/struct-gen/structgen.go:135.62,138.14 3 1
github.com/ahmadrezamusthafa/deep-validator/struct-gen/structgen.go:139.13,141.28 2 1
github.com/ahmadrezamusthafa/deep-validator/struct-gen/structgen.go:144.4,146.6 1 1
github.com/ahmadrezamusthafa/deep-validator/struct-gen/structgen.go:147.12,149.20 2 1
github.com/ahmadrezamusthafa/deep-validator/struct-gen/structgen.go:149.20,151.5 1 1
github.com/ahmadrezamusthafa/deep-validator/struct-gen/structgen.go:152.11,153.24 1 1
github.com/ahmadrezamusthafa/deep-validator/struct-gen/structgen.go:153.24,155.84 2 1
github.com/ahmadrezamusthafa/deep-validator/struct-gen/structgen.go:155.84,158.6 2 1
github.com/ahmadrezamusthafa/deep-validator/struct-gen/structgen.go:160.4,160.26 1 1
github.com/ahmadrezamusthafa/deep-validator/struct-gen/structgen.go:163.2,163.22 1 1
github.com/ahmadrezamusthafa/deep-validator/struct-gen/structgen.go:163.22,166.3 2 1
github.com/ahmadrezamusthafa/deep-validator/struct-gen/structgen.go:167.2,167.24 1 1
github.com/ahmadrezamusthafa/deep-validator/struct-gen/structgen.go:170.148,177.2 3 1
github.com/ahmadrezamusthafa/deep-validator/struct-gen/structgen.go:179.54,181.29 2 1
github.com/ahmadrezamusthafa/deep-validator/struct-gen/structgen.go:181.29,182.18 1 1
github.com/ahmadrezamusthafa/deep-validator/struct-gen/structgen.go:182.18,183.12 1 0
github.com/ahmadrezamusthafa/deep-validator/struct-gen/structgen.go:185.3,185.33 1 1
github.com/ahmadrezamusthafa/deep-validator/struct-gen/structgen.go:185.33,186.56 1 1
github.com/ahmadrezamusthafa/deep-validator/struct-gen/structgen.go:186.56,188.5 1 1
github.com/ahmadrezamusthafa/deep-validator/struct-gen/structgen.go:189.9,189.25 1 1
github.com/ahmadrezamusthafa/deep-validator/struct-gen/structgen.go:189.25,190.53 1 0
github.com/ahmadrezamusthafa/deep-validator/struct-gen/structgen.go:190.53,193.5 2 0
github.com/ahmadrezamusthafa/deep-validator/struct-gen/structgen.go:194.4,194.20 1 0
github.com/ahmadrezamusthafa/deep-validator/struct-gen/structgen.go:194.20,196.10 2 0
github.com/ahmadrezamusthafa/deep-validator/struct-gen/structgen.go:198.9,200.9 2 1
github.com/ahmadrezamusthafa/deep-validator/struct-gen/structgen.go:202.3,202.13 1 1
github.com/ahmadrezamusthafa/deep-validator/struct-gen/structgen.go:204.2,204.40 1 1
github.com/ahmadrezamusthafa/deep-validator/struct-gen/structgen.go:204.40,205.78 1 1
github.com/ahmadrezamusthafa/deep-validator/struct-gen/structgen.go:205.78,207.4 1 0
github.com/ahmadrezamusthafa/deep-validator/struct-gen/structgen.go:209.2,209.16 1 1
github.com/ahmadrezamusthafa/deep-validator/validator/condition_validator.go:18.94,26.2 6 0
github.com/ahmadrezamusthafa/deep-validator/validator/condition_validator.go:28.79,29.35 1 0
github.com/ahmadrezamusthafa/deep-validator/validator/condition_validator.go:29.35,30.50 1 0
github.com/ahmadrezamusthafa/deep-validator/validator/condition_validator.go:30.50,32.4 1 0
github.com/ahmadrezamusthafa/deep-validator/validator/condition_validator.go:33.8,34.33 1 0
github.com/ahmadrezamusthafa/deep-validator/validator/condition_validator.go:34.33,35.55 1 0
github.com/ahmadrezamusthafa/deep-validator/validator/condition_validator.go:35.55,37.5 1 0
github.com/ahmadrezamusthafa/deep-validator/validator/condition_validator.go:42.108,43.27 1 0
github.com/ahmadrezamusthafa/deep-validator/validator/condition_validator.go:43.27,44.45 1 0
github.com/ahmadrezamusthafa/deep-validator/validator/condition_validator.go:44.45,47.18 3 0
github.com/ahmadrezamusthafa/deep-validator/validator/condition_validator.go:47.18,49.5 1 0
github.com/ahmadrezamusthafa/deep-validator/validator/condition_validator.go:50.4,50.14 1 0
github.com/ahmadrezamusthafa/deep-validator/validator/condition_validator.go:50.14,52.5 1 0
github.com/ahmadrezamusthafa/deep-validator/validator/condition_validator.go:52.10,53.68 1 0
github.com/ahmadrezamusthafa/deep-validator/validator/condition_validator.go:53.68,55.6 1 0
github.com/ahmadrezamusthafa/deep-validator/validator/condition_validator.go:55.11,57.6 1 0
github.com/ahmadrezamusthafa/deep-validator/validator/condition_validator.go:60.8,62.3 1 0
github.com/ahmadrezamusthafa/deep-validator/validator/condition_validator.go:63.2,63.8 1 0
github.com/ahmadrezamusthafa/deep-validator/validator/condition_validator.go:66.122,68.35 2 0
github.com/ahmadrezamusthafa/deep-validator/validator/condition_validator.go:68.35,69.53 1 0
github.com/ahmadrezamusthafa/deep-validator/validator/condition_validator.go:69.53,71.18 2 0
github.com/ahmadrezamusthafa/deep-validator/validator/condition_validator.go:71.18,73.5 1 0
github.com/ahmadrezamusthafa/deep-validator/validator/condition_validator.go:74.4,74.14 1 0
github.com/ahmadrezamusthafa/deep-validator/validator/condition_validator.go:74.14,75.13 1 0
github.com/ahmadrezamusthafa/deep-validator/validator/condition_validator.go:77.4,77.14 1 0
github.com/ahmadrezamusthafa/deep-validator/validator/condition_validator.go:77.14,79.5 1 0
github.com/ahmadrezamusthafa/deep-validator/validator/condition_validator.go:79.10,80.68 1 0
github.com/ahmadrezamusthafa/deep-validator/validator/condition_validator.go:80.68,82.6 1 0
github.com/ahmadrezamusthafa/deep-validator/validator/condition_validator.go:82.11,84.6 1 0
github.com/ahmadrezamusthafa/deep-validator/validator/condition_validator.go:87.8,88.55 1 0
github.com/ahmadrezamusthafa/deep-validator/validator/condition_validator.go:88.55,90.4 1 0
github.com/ahmadrezamusthafa/deep-validator/validator/condition_validator.go:91.3,91.51 1 0
github.com/ahmadrezamusthafa/deep-validator/validator/condition_validator.go:91.51,93.20 2 0
github.com/ahmadrezamusthafa/deep-validator/validator/condition_validator.go:94.33,95.78 1 0
github.com/ahmadrezamusthafa/deep-validator/validator/condition_validator.go:96.12,101.22 4 0
github.com/ahmadrezamusthafa/deep-validator/validator/condition_validator.go:102.26,103.98 1 0
github.com/ahmadrezamusthafa/deep-validator/validator/condition_validator.go:104.13,105.107 1 0
github.com/ahmadrezamusthafa/deep-validator/validator/condition_validator.go:108.9,110.4 1 0
github.com/ahmadrezamusthafa/deep-validator/validator/condition_validator.go:112.2,112.8 1 0
github.com/ahmadrezamusthafa/deep-validator/validator/condition_validator.go:115.117,116.44 1 0
github.com/ahmadrezamusthafa/deep-validator/validator/condition_validator.go:116.44,117.43 1 0
github.com/ahmadrezamusthafa/deep-validator/validator/condition_validator.go:117.43,126.4 1 0
github.com/ahmadrezamusthafa/deep-validator/validator/condition_validator.go:130.54,132.29 2 0
github.com/ahmadrezamusthafa/deep-validator/validator/condition_validator.go:132.29,133.18 1 0
github.com/ahmadrezamusthafa/deep-validator/validator/condition_validator.go:133.18,134.12 1 0
github.com/ahmadrezamusthafa/deep-validator/validator/condition_validator.go:136.3,136.33 1 0
github.com/ahmadrezamusthafa/deep-validator/validator/condition_validator.go:136.33,137.56 1 0
github.com/ahmadrezamusthafa/deep-validator/validator/condition_validator.go:137.56,139.5 1 0
github.com/ahmadrezamusthafa/deep-validator/validator/condition_validator.go:140.9,140.25 1 0
github.com/ahmadrezamusthafa/deep-validator/validator/condition_validator.go:140.25,141.53 1 0
github.com/ahmadrezamusthafa/deep-validator/validator/condition_validator.go:141.53,144.5 2 0
github.com/ahmadrezamusthafa/deep-validator/validator/condition_validator.go:145.4,145.20 1 0
github.com/ahmadrezamusthafa/deep-validator/validator/condition_validator.go:145.20,147.10 2 0
github.com/ahmadrezamusthafa/deep-validator/validator/condition_validator.go:149.9,151.9 2 0
github.com/ahmadrezamusthafa/deep-validator/validator/condition_validator.go:153.3,153.13 1 0
github.com/ahmadrezamusthafa/deep-validator/validator/condition_validator.go:155.2,155.40 1 0
github.com/ahmadrezamusthafa/deep-validator/validator/condition_validator.go:155.40,156.79 1 0
github.com/ahmadrezamusthafa/deep-validator/validator/condition_validator.go:156.79,158.4 1 0
github.com/ahmadrezamusthafa/deep-validator/validator/condition_validator.go:160.2,160.16 1 0
github.com/ahmadrezamusthafa/deep-validator/validator/object_validator.go:18.74,19.17 1 0
github.com/ahmadrezamusthafa/deep-validator/validator/object_validator.go:19.17,21.3 1 0
github.com/ahmadrezamusthafa/deep-validator/validator/object_validator.go:22.2,23.22 2 0
github.com/ahmadrezamusthafa/deep-validator/validator/object_validator.go:24.35,26.22 2 0
github.com/ahmadrezamusthafa/deep-validator/validator/object_validator.go:27.10,28.76 1 0
github.com/ahmadrezamusthafa/deep-validator/validator/object_validator.go:32.84,33.17 1 0
github.com/ahmadrezamusthafa/deep-validator/validator/object_validator.go:33.17,35.3 1 0
github.com/ahmadrezamusthafa/deep-validator/validator/object_validator.go:36.2,37.22 2 0
github.com/ahmadrezamusthafa/deep-validator/validator/object_validator.go:38.21,40.17 2 0
github.com/ahmadrezamusthafa/deep-validator/validator/object_validator.go:40.17,42.4 1 0
github.com/ahmadrezamusthafa/deep-validator/validator/object_validator.go:43.3,43.34 1 0
github.com/ahmadrezamusthafa/deep-validator/validator/object_validator.go:44.10,45.75 1 0
github.com/ahmadrezamusthafa/deep-validator/validator/object_validator.go:49.83,50.17 1 0
github.com/ahmadrezamusthafa/deep-validator/validator/object_validator.go:50.17,52.3 1 0
github.com/ahmadrezamusthafa/deep-validator/validator/object_validator.go:53.2,54.22 2 0
github.com/ahmadrezamusthafa/deep-validator/validator/object_validator.go:55.21,58.37 3 0
github.com/ahmadrezamusthafa/deep-validator/validator/object_validator.go:58.37,61.18 3 0
github.com/ahmadrezamusthafa/deep-validator/validator/object_validator.go:61.18,63.5 1 0
github.com/ahmadrezamusthafa/deep-validator/validator/object_validator.go:64.4,64.15 1 0
github.com/ahmadrezamusthafa/deep-validator/validator/object_validator.go:64.15,66.5 1 0
github.com/ahmadrezamusthafa/deep-validator/validator/object_validator.go:68.3,69.9 2 0
github.com/ahmadrezamusthafa/deep-validator/validator/object_validator.go:70.10,71.76 1 0
github.com/ahmadrezamusthafa/deep-validator/validator/object_validator.go:75.81,78.43 3 0
github.com/ahmadrezamusthafa/deep-validator/validator/object_validator.go:78.43,80.3 1 0
github.com/ahmadrezamusthafa/deep-validator/validator/object_validator.go:81.2,81.23 1 0
github.com/ahmadrezamusthafa/deep-validator/validator/object_validator.go:81.23,83.3 1 0
github.com/ahmadrezamusthafa/deep-validator/validator/object_validator.go:85.2,87.23 3 0
github.com/ahmadrezamusthafa/deep-validator/validator/object_validator.go:87.23,89.3 1 0
github.com/ahmadrezamusthafa/deep-validator/validator/object_validator.go:90.2,90.35 1 0
github.com/ahmadrezamusthafa/deep-validator/validator/object_validator.go:91.22,92.28 1 0
github.com/ahmadrezamusthafa/deep-validator/validator/object_validator.go:93.10,95.17 2 0
github.com/ahmadrezamusthafa/deep-validator/validator/object_validator.go:96.10,97.82 1 0
github.com/ahmadrezamusthafa/deep-validator/validator/object_validator.go:98.10,99.51 1 0
github.com/ahmadrezamusthafa/deep-validator/validator/object_validator.go:100.11,103.32 3 0
github.com/ahmadrezamusthafa/deep-validator/validator/object_validator.go:103.32,106.5 2 0
github.com/ahmadrezamusthafa/deep-validator/validator/object_validator.go:107.4,107.39 1 0
github.com/ahmadrezamusthafa/deep-validator/validator/object_validator.go:110.2,110.26 1 0
github.com/ahmadrezamusthafa/deep-validator/validator/object_validator.go:113.111,114.27 1 0
github.com/ahmadrezamusthafa/deep-validator/validator/object_validator.go:114.27,115.45 1 0
github.com/ahmadrezamusthafa/deep-validator/validator/object_validator.go:115.45,118.18 3 0
github.com/ahmadrezamusthafa/deep-validator/validator/object_validator.go:118.18,120.5 1 0
github.com/ahmadrezamusthafa/deep-validator/validator/object_validator.go:121.4,121.14 1 0
github.com/ahmadrezamusthafa/deep-validator/validator/object_validator.go:121.14,122.13 1 0
github.com/ahmadrezamusthafa/deep-validator/validator/object_validator.go:124.4,124.14 1 0
github.com/ahmadrezamusthafa/deep-validator/validator/object_validator.go:124.14,126.5 1 0
github.com/ahmadrezamusthafa/deep-validator/validator/object_validator.go:126.10,127.68 1 0
github.com/ahmadrezamusthafa/deep-validator/validator/object_validator.go:127.68,129.6 1 0
github.com/ahmadrezamusthafa/deep-validator/validator/object_validator.go:129.11,131.6 1 0
github.com/ahmadrezamusthafa/deep-validator/validator/object_validator.go:134.8,135.23 1 0
github.com/ahmadrezamusthafa/deep-validator/validator/object_validator.go:136.20,137.54 1 0
github.com/ahmadrezamusthafa/deep-validator/validator/object_validator.go:137.54,139.5 1 0
github.com/ahmadrezamusthafa/deep-validator/validator/object_validator.go:139.10,141.5 1 0
github.com/ahmadrezamusthafa/deep-validator/validator/object_validator.go:142.11,143.50 1 0
github.com/ahmadrezamusthafa/deep-validator/validator/object_validator.go:146.2,146.8 1 0
github.com/ahmadrezamusthafa/deep-validator/validator/object_validator.go:149.100,151.44 2 0
github.com/ahmadrezamusthafa/deep-validator/validator/object_validator.go:151.44,153.3 1 0
github.com/ahmadrezamusthafa/deep-validator/validator/object_validator.go:154.2,154.41 1 0
github.com/ahmadrezamusthafa/deep-validator/validator/object_validator.go:154.41,159.26 5 0
github.com/ahmadrezamusthafa/deep-validator/validator/object_validator.go:159.26,161.4 1 0
github.com/ahmadrezamusthafa/deep-validator/validator/object_validator.go:162.3,164.30 2 0
github.com/ahmadrezamusthafa/deep-validator/validator/object_validator.go:164.30,170.52 5 0
github.com/ahmadrezamusthafa/deep-validator/validator/object_validator.go:170.52,172.5 1 0
github.com/ahmadrezamusthafa/deep-validator/validator/object_validator.go:174.4,174.24 1 0
github.com/ahmadrezamusthafa/deep-validator/validator/object_validator.go:175.20,177.70 2 0
github.com/ahmadrezamusthafa/deep-validator/validator/object_validator.go:178.22,180.70 2 0
github.com/ahmadrezamusthafa/deep-validator/validator/object_validator.go:181.26,183.68 2 0
github.com/ahmadrezamusthafa/deep-validator/validator/object_validator.go:184.28,186.70 2 0
github.com/ahmadrezamusthafa/deep-validator/validator/object_validator.go:187.19,189.88 2 0
github.com/ahmadrezamusthafa/deep-validator/validator/object_validator.go:190.20,193.11 3 0
github.com/ahmadrezamusthafa/deep-validator/validator/object_validator.go:193.11,195.6 1 0
github.com/ahmadrezamusthafa/deep-validator/validator/object_validator.go:196.5,196.88 1 0
github.com/ahmadrezamusthafa/deep-validator/validator/object_validator.go:197.14,199.59 2 0
github.com/ahmadrezamusthafa/deep-validator/validator/object_validator.go:200.12,202.39 2 0
github.com/ahmadrezamusthafa/deep-validator/validator/object_validator.go:204.4,204.18 1 0
github.com/ahmadrezamusthafa/deep-validator/validator/object_validator.go:204.18,206.5 1 0
github.com/ahmadrezamusthafa/deep-validator/validator/object_validator.go:208.4,208.20 1 0
github.com/ahmadrezamusthafa/deep-validator/validator/object_validator.go:209.33,210.38 1 0
github.com/ahmadrezamusthafa/deep-validator/validator/object_validator.go:211.12,212.27 1 0
github.com/ahmadrezamusthafa/deep-validator/validator/object_validator.go:213.26,214.61 1 0
github.com/ahmadrezamusthafa/deep-validator/validator/object_validator.go:215.13,216.64 1 0
github.com/ahmadrezamusthafa/deep-validator/validator/object_validator.go:221.2,221.8 1 0
github.com/ahmadrezamusthafa/deep-validator/validator/object_validator.go:224.101,226.31 2 0
github.com/ahmadrezamusthafa/deep-validator/validator/object_validator.go:226.31,227.64 1 0
github.com/ahmadrezamusthafa/deep-validator/validator/object_validator.go:227.64,228.12 1 0
github.com/ahmadrezamusthafa/deep-validator/validator/object_validator.go:230.3,232.17 3 0
github.com/ahmadrezamusthafa/deep-validator/validator/object_validator.go:232.17,234.4 1 0
github.com/ahmadrezamusthafa/deep-validator/validator/object_validator.go:235.3,235.15 1 0
github.com/ahmadrezamusthafa/deep-validator/validator/object_validator.go:235.15,236.9 1 0
github.com/ahmadrezamusthafa/deep-validator/validator/object_validator.go:239.2,239.8 1 0
github.com/ahmadrezamusthafa/deep-validator/validator/object_validator.go:242.86,244.9 2 0
github.com/ahmadrezamusthafa/deep-validator/validator/object_validator.go:244.9,246.3 1 0
github.com/ahmadrezamusthafa/deep-validator/validator/object_validator.go:247.2,248.9 2 0
github.com/ahmadrezamusthafa/deep-validator/validator/object_validator.go:248.9,250.3 1 0
github.com/ahmadrezamusthafa/deep-validator/validator/object_validator.go:252.2,252.18 1 0
github.com/ahmadrezamusthafa/deep-validator/validator/object_validator.go:253.37,254.37 1 0
github.com/ahmadrezamusthafa/deep-validator/validator/object_validator.go:255.34,256.38 1 0
github.com/ahmadrezamusthafa/deep-validator/validator/object_validator.go:257.42,258.68 1 0
github.com/ahmadrezamusthafa/deep-validator/validator/object_validator.go:259.10,260.69 1 0
github.com/ahmadrezamusthafa/deep-validator/validator/object_validator.go:264.89,266.9 2 0
github.com/ahmadrezamusthafa/deep-validator/validator/object_validator.go:266.9,268.10 2 0
github.com/ahmadrezamusthafa/deep-validator/validator/object_validator.go:268.10,270.4 1 0
github.com/ahmadrezamusthafa/deep-validator/validator/object_validator.go:271.3,271.33 1 0
github.com/ahmadrezamusthafa/deep-validator/validator/object_validator.go:273.2,274.9 2 0
github.com/ahmadrezamusthafa/deep-validator/validator/object_validator.go:274.9,276.10 2 0
github.com/ahmadrezamusthafa/deep-validator/validator/object_validator.go:276.10,278.4 1 0
github.com/ahmadrezamusthafa/deep-validator/validator/object_validator.go:279.3,279.35 1 0
github.com/ahmadrezamusthafa/deep-validator/validator/object_validator.go:282.2,282.18 1 0
github.com/ahmadrezamusthafa/deep-validator/validator/object_validator.go:283.37,284.34 1 0
github.com/ahmadrezamusthafa/deep-validator/validator/object_validator.go:285.34,286.34 1 0
github.com/ahmadrezamusthafa/deep-validator/validator/object_validator.go:287.42,288.35 1 0
github.com/ahmadrezamusthafa/deep-validator/validator/object_validator.go:289.10,290.35 1 0
